TestingProject/PainRate/app/build/intermediates/manifest_merge_blame_file/debug/manifest-merger-blame-debug-report.txt
1<?xml version="1.0" encoding="utf-8"?>
2<manifest xmlns:android="http://schemas.android.com/apk/res/android"
3    package="com.example.PainRate"
4    android:versionCode="1"
5    android:versionName="1.0" >
6
7    <uses-sdk
8        android:minSdkVersion="23"
8-->src\main\AndroidManifest.xml
9        android:targetSdkVersion="32" />
9-->src\main\AndroidManifest.xml
10
11    <uses-permission android:name="android.permission.READ_EXTERNAL_STORAGE" />
11-->src\main\AndroidManifest.xml:5:5-80
11-->src\main\AndroidManifest.xml:5:22-77
12    <uses-permission android:name="android.permission.ACCESS_NETWORK_STATE" />
12-->src\main\AndroidManifest.xml:6:5-79
12-->src\main\AndroidManifest.xml:6:22-76
13    <uses-permission android:name="android.permission.INTERNET" />
13-->src\main\AndroidManifest.xml:7:5-67
13-->src\main\AndroidManifest.xml:7:22-64
14
15    <queries>
15-->src\main\AndroidManifest.xml:9:5-13:15
16        <intent>
16-->src\main\AndroidManifest.xml:10:9-12:18
17            <action android:name="android.media.action.IMAGE_CAPTURE" />
17-->src\main\AndroidManifest.xml:11:13-73
17-->src\main\AndroidManifest.xml:11:21-70
18        </intent>
19    </queries>
20
21    <application
21-->src\main\AndroidManifest.xml:15:5-48:19
22        android:allowBackup="true"
22-->src\main\AndroidManifest.xml:16:9-35
23        android:appComponentFactory="androidx.core.app.CoreComponentFactory"
23-->[androidx.core:core:1.7.0] AndroidManifest.xml:24:18-86
24        android:debuggable="true"
25        android:extractNativeLibs="false"
26        android:icon="@mipmap/ic_launcher"
26-->src\main\AndroidManifest.xml:17:9-43
27        android:label="@string/app_name"
27-->src\main\AndroidManifest.xml:18:9-41
28        android:roundIcon="@mipmap/ic_launcher_round"
28-->src\main\AndroidManifest.xml:19:9-54
29        android:supportsRtl="true"
29-->src\main\AndroidManifest.xml:20:9-35
30        android:testOnly="true"
31        android:theme="@style/Theme.ScanningPage" >
31-->src\main\AndroidManifest.xml:21:9-50
32        <activity
32-->src\main\AndroidManifest.xml:22:9-24:40
33            android:name="com.example.PainRate.Results"
33-->src\main\AndroidManifest.xml:23:13-56
34            android:exported="false" />
34-->src\main\AndroidManifest.xml:24:13-37
35
36        <provider
36-->src\main\AndroidManifest.xml:26:9-34:20
37            android:name="androidx.core.content.FileProvider"
37-->src\main\AndroidManifest.xml:27:13-62
38            android:authorities="com.example.PainRate.fileprovider"
38-->src\main\AndroidManifest.xml:28:13-68
39            android:exported="false"
39-->src\main\AndroidManifest.xml:29:13-37
40            android:grantUriPermissions="true" >
40-->src\main\AndroidManifest.xml:30:13-47
41            <meta-data
41-->src\main\AndroidManifest.xml:31:13-33:56
42                android:name="android.support.FILE_PROVIDER_PATHS"
42-->src\main\AndroidManifest.xml:32:17-67
43                android:resource="@xml/fileprovider" />
43-->src\main\AndroidManifest.xml:33:17-53
44        </provider>
45
46        <activity
46-->src\main\AndroidManifest.xml:36:9-38:40
47            android:name="com.example.PainRate.Scanning"
47-->src\main\AndroidManifest.xml:37:13-57
48            android:exported="false" />
48-->src\main\AndroidManifest.xml:38:13-37
49        <activity
49-->src\main\AndroidManifest.xml:39:9-47:20
50            android:name="com.example.PainRate.MainActivity"
50-->src\main\AndroidManifest.xml:40:13-61
51            android:exported="true" >
51-->src\main\AndroidManifest.xml:41:13-36
52            <intent-filter>
52-->src\main\AndroidManifest.xml:42:13-46:29
53                <action android:name="android.intent.action.MAIN" />
53-->src\main\AndroidManifest.xml:43:17-69
53-->src\main\AndroidManifest.xml:43:25-66
54
55                <category android:name="android.intent.category.LAUNCHER" />
55-->src\main\AndroidManifest.xml:45:17-77
55-->src\main\AndroidManifest.xml:45:27-74
56            </intent-filter>
57        </activity>
58
59        <provider
59-->[androidx.emoji2:emoji2:1.0.0] AndroidManifest.xml:26:9-34:20
60            android:name="androidx.startup.InitializationProvider"
60-->[androidx.emoji2:emoji2:1.0.0] AndroidManifest.xml:27:13-67
61            android:authorities="com.example.PainRate.androidx-startup"
61-->[androidx.emoji2:emoji2:1.0.0] AndroidManifest.xml:28:13-68
62            android:exported="false" >
62-->[androidx.emoji2:emoji2:1.0.0] AndroidManifest.xml:29:13-37
63            <meta-data
63-->[androidx.emoji2:emoji2:1.0.0] AndroidManifest.xml:31:13-33:52
64                android:name="androidx.emoji2.text.EmojiCompatInitializer"
64-->[androidx.emoji2:emoji2:1.0.0] AndroidManifest.xml:32:17-75
65                android:value="androidx.startup" />
65-->[androidx.emoji2:emoji2:1.0.0] AndroidManifest.xml:33:17-49
66            <meta-data
66-->[androidx.lifecycle:lifecycle-process:2.4.0] AndroidManifest.xml:31:13-33:52
67                android:name="androidx.lifecycle.ProcessLifecycleInitializer"
67-->[androidx.lifecycle:lifecycle-process:2.4.0] AndroidManifest.xml:32:17-78
68                android:value="androidx.startup" />
68-->[androidx.lifecycle:lifecycle-process:2.4.0] AndroidManifest.xml:33:17-49
69        </provider>
70    </application>
71
72</manifest>